# JRE version: Java(TM) SE Runtime Environment (8.0_162-b12) (build 1.8.0_162-b12)
# Java VM: Java HotSpot(TM) 64-Bit Server VM (25.162-b12 mixed mode bsd-amd64 compressed oops)
Heap:
 PSYoungGen      total 183808K, used 120497K [0x00000007b0000000, 0x00000007c0000000, 0x00000007c0000000)
  eden space 102400K, 80% used [0x00000007b0000000,0x00000007b508cde8,0x00000007b6400000)
  from space 81408K, 46% used [0x00000007bb080000,0x00000007bd59f998,0x00000007c0000000)
  to   space 78336K, 0% used [0x00000007b6400000,0x00000007b6400000,0x00000007bb080000)
 ParOldGen       total 524288K, used 97017K [0x0000000790000000, 0x00000007b0000000, 0x00000007b0000000)
  object space 524288K, 18% used [0x0000000790000000,0x0000000795ebe5c0,0x00000007b0000000)
 Metaspace       used 77321K, capacity 79966K, committed 80304K, reserved 1118208K
  class space    used 9632K, capacity 10567K, committed 10672K, reserved 1048576K
GC Heap History (10 events):
Event: 633.026 GC heap before
{Heap before GC invocations=39 (full 3):
 PSYoungGen      total 161280K, used 161069K [0x00000007b0000000, 0x00000007c0000000, 0x00000007c0000000)
  eden space 104960K, 100% used [0x00000007b0000000,0x00000007b6680000,0x00000007b6680000)
  from space 56320K, 99% used [0x00000007b6700000,0x00000007b9dcb6e8,0x00000007b9e00000)
  to   space 81408K, 0% used [0x00000007bb080000,0x00000007bb080000,0x00000007c0000000)
 ParOldGen       total 524288K, used 82843K [0x0000000790000000, 0x00000007b0000000, 0x00000007b0000000)
  object space 524288K, 15% used [0x0000000790000000,0x00000007950e6f90,0x00000007b0000000)
 Metaspace       used 76357K, capacity 78882K, committed 79152K, reserved 1118208K
  class space    used 9546K, capacity 10425K, committed 10544K, reserved 1048576K
Event: 633.073 GC heap after
Heap after GC invocations=39 (full 3):
 PSYoungGen      total 172544K, used 61125K [0x00000007b0000000, 0x00000007c0000000, 0x00000007c0000000)
  eden space 91136K, 0% used [0x00000007b0000000,0x00000007b0000000,0x00000007b5900000)
  from space 81408K, 75% used [0x00000007bb080000,0x00000007bec31698,0x00000007c0000000)
  to   space 85504K, 0% used [0x00000007b5900000,0x00000007b5900000,0x00000007bac80000)
 ParOldGen       total 524288K, used 82851K [0x0000000790000000, 0x00000007b0000000, 0x00000007b0000000)
  object space 524288K, 15% used [0x0000000790000000,0x00000007950e8f90,0x00000007b0000000)
 Metaspace       used 76357K, capacity 78882K, committed 79152K, reserved 1118208K
  class space    used 9546K, capacity 10425K, committed 10544K, reserved 1048576K
}
Event: 643.322 GC heap before
{Heap before GC invocations=40 (full 3):
 PSYoungGen      total 172544K, used 152261K [0x00000007b0000000, 0x00000007c0000000, 0x00000007c0000000)
  eden space 91136K, 100% used [0x00000007b0000000,0x00000007b5900000,0x00000007b5900000)
  from space 81408K, 75% used [0x00000007bb080000,0x00000007bec31698,0x00000007c0000000)
  to   space 85504K, 0% used [0x00000007b5900000,0x00000007b5900000,0x00000007bac80000)
 ParOldGen       total 524288K, used 82851K [0x0000000790000000, 0x00000007b0000000, 0x00000007b0000000)
  object space 524288K, 15% used [0x0000000790000000,0x00000007950e8f90,0x00000007b0000000)
 Metaspace       used 76630K, capacity 79188K, committed 79408K, reserved 1118208K
  class space    used 9557K, capacity 10460K, committed 10544K, reserved 1048576K
Event: 643.358 GC heap after
Heap after GC invocations=40 (full 3):
 PSYoungGen      total 145408K, used 54321K [0x00000007b0000000, 0x00000007c0000000, 0x00000007c0000000)
  eden space 90624K, 0% used [0x00000007b0000000,0x00000007b0000000,0x00000007b5880000)
  from space 54784K, 99% used [0x00000007b5900000,0x00000007b8e0c680,0x00000007b8e80000)
  to   space 86016K, 0% used [0x00000007bac00000,0x00000007bac00000,0x00000007c0000000)
 ParOldGen       total 524288K, used 89273K [0x0000000790000000, 0x00000007b0000000, 0x00000007b0000000)
  object space 524288K, 17% used [0x0000000790000000,0x000000079572e6f0,0x00000007b0000000)
 Metaspace       used 76630K, capacity 79188K, committed 79408K, reserved 1118208K
  class space    used 9557K, capacity 10460K, committed 10544K, reserved 1048576K
}
Event: 782.720 GC heap before
{Heap before GC invocations=41 (full 3):
 PSYoungGen      total 145408K, used 144945K [0x00000007b0000000, 0x00000007c0000000, 0x00000007c0000000)
  eden space 90624K, 100% used [0x00000007b0000000,0x00000007b5880000,0x00000007b5880000)
  from space 54784K, 99% used [0x00000007b5900000,0x00000007b8e0c680,0x00000007b8e80000)
  to   space 86016K, 0% used [0x00000007bac00000,0x00000007bac00000,0x00000007c0000000)
 ParOldGen       total 524288K, used 89273K [0x0000000790000000, 0x00000007b0000000, 0x00000007b0000000)
  object space 524288K, 17% used [0x0000000790000000,0x000000079572e6f0,0x00000007b0000000)
 Metaspace       used 76773K, capacity 79334K, committed 79664K, reserved 1118208K
  class space    used 9563K, capacity 10463K, committed 10544K, reserved 1048576K
Event: 782.750 GC heap after
Heap after GC invocations=41 (full 3):
 PSYoungGen      total 177152K, used 50814K [0x00000007b0000000, 0x00000007c0000000, 0x00000007c0000000)
  eden space 91136K, 0% used [0x00000007b0000000,0x00000007b0000000,0x00000007b5900000)
  from space 86016K, 59% used [0x00000007bac00000,0x00000007bdd9fab0,0x00000007c0000000)
  to   space 84992K, 0% used [0x00000007b5900000,0x00000007b5900000,0x00000007bac00000)
 ParOldGen       total 524288K, used 92897K [0x0000000790000000, 0x00000007b0000000, 0x00000007b0000000)
  object space 524288K, 17% used [0x0000000790000000,0x0000000795ab8700,0x00000007b0000000)
 Metaspace       used 76773K, capacity 79334K, committed 79664K, reserved 1118208K
  class space    used 9563K, capacity 10463K, committed 10544K, reserved 1048576K
}
Event: 842.139 GC heap before
{Heap before GC invocations=42 (full 3):
 PSYoungGen      total 177152K, used 141950K [0x00000007b0000000, 0x00000007c0000000, 0x00000007c0000000)
  eden space 91136K, 100% used [0x00000007b0000000,0x00000007b5900000,0x00000007b5900000)
  from space 86016K, 59% used [0x00000007bac00000,0x00000007bdd9fab0,0x00000007c0000000)
  to   space 84992K, 0% used [0x00000007b5900000,0x00000007b5900000,0x00000007bac00000)
 ParOldGen       total 524288K, used 92897K [0x0000000790000000, 0x00000007b0000000, 0x00000007b0000000)
  object space 524288K, 17% used [0x0000000790000000,0x0000000795ab8700,0x00000007b0000000)
 Metaspace       used 76941K, capacity 79510K, committed 79664K, reserved 1118208K
  class space    used 9571K, capacity 10471K, committed 10544K, reserved 1048576K
Event: 842.173 GC heap after
Heap after GC invocations=42 (full 3):
 PSYoungGen      total 176128K, used 40603K [0x00000007b0000000, 0x00000007c0000000, 0x00000007c0000000)
  eden space 91136K, 0% used [0x00000007b0000000,0x00000007b0000000,0x00000007b5900000)
  from space 84992K, 47% used [0x00000007b5900000,0x00000007b80a6df0,0x00000007bac00000)
  to   space 81408K, 0% used [0x00000007bb080000,0x00000007bb080000,0x00000007c0000000)
 ParOldGen       total 524288K, used 94665K [0x0000000790000000, 0x00000007b0000000, 0x00000007b0000000)
  object space 524288K, 18% used [0x0000000790000000,0x0000000795c725a0,0x00000007b0000000)
 Metaspace       used 76941K, capacity 79510K, committed 79664K, reserved 1118208K
  class space    used 9571K, capacity 10471K, committed 10544K, reserved 1048576K
}
Event: 912.541 GC heap before
{Heap before GC invocations=43 (full 3):
 PSYoungGen      total 176128K, used 131739K [0x00000007b0000000, 0x00000007c0000000, 0x00000007c0000000)
  eden space 91136K, 100% used [0x00000007b0000000,0x00000007b5900000,0x00000007b5900000)
  from space 84992K, 47% used [0x00000007b5900000,0x00000007b80a6df0,0x00000007bac00000)
  to   space 81408K, 0% used [0x00000007bb080000,0x00000007bb080000,0x00000007c0000000)
 ParOldGen       total 524288K, used 94665K [0x0000000790000000, 0x00000007b0000000, 0x00000007b0000000)
  object space 524288K, 18% used [0x0000000790000000,0x0000000795c725a0,0x00000007b0000000)
 Metaspace       used 77070K, capacity 79638K, committed 79920K, reserved 1118208K
  class space    used 9576K, capacity 10471K, committed 10544K, reserved 1048576K
Event: 912.561 GC heap after
Heap after GC invocations=43 (full 3):
 PSYoungGen      total 183808K, used 38014K [0x00000007b0000000, 0x00000007c0000000, 0x00000007c0000000)
  eden space 102400K, 0% used [0x00000007b0000000,0x00000007b0000000,0x00000007b6400000)
  from space 81408K, 46% used [0x00000007bb080000,0x00000007bd59f998,0x00000007c0000000)
  to   space 78336K, 0% used [0x00000007b6400000,0x00000007b6400000,0x00000007bb080000)
 ParOldGen       total 524288K, used 97017K [0x0000000790000000, 0x00000007b0000000, 0x00000007b0000000)
  object space 524288K, 18% used [0x0000000790000000,0x0000000795ebe5c0,0x00000007b0000000)
 Metaspace       used 77070K, capacity 79638K, committed 79920K, reserved 1118208K
  class space    used 9576K, capacity 10471K, committed 10544K, reserved 1048576K
}

