# JRE version: OpenJDK Runtime Environment (8.0_232-b09) (build 1.8.0_232-8u232-b09-0ubuntu1~18.04.1-b09)
# Java VM: OpenJDK 64-Bit Server VM (25.232-b09 mixed mode linux-amd64 compressed oops)
Heap:
 PSYoungGen      total 224256K, used 165199K [0x00000000f0000000, 0x0000000100000000, 0x0000000100000000)
  eden space 184832K, 77% used [0x00000000f0000000,0x00000000f8b581c8,0x00000000fb480000)
  from space 39424K, 57% used [0x00000000fd980000,0x00000000fef7ba70,0x0000000100000000)
  to   space 37888K, 0% used [0x00000000fb480000,0x00000000fb480000,0x00000000fd980000)
 ParOldGen       total 524288K, used 151864K [0x00000000d0000000, 0x00000000f0000000, 0x00000000f0000000)
  object space 524288K, 28% used [0x00000000d0000000,0x00000000d944e348,0x00000000f0000000)
 Metaspace       used 89670K, capacity 95224K, committed 95360K, reserved 1132544K
  class space    used 11022K, capacity 13142K, committed 13184K, reserved 1048576K
GC Heap History (10 events):
Event: 2159.817 GC heap before
{Heap before GC invocations=53 (full 3):
 PSYoungGen      total 215552K, used 197653K [0x00000000f0000000, 0x0000000100000000, 0x0000000100000000)
  eden space 169984K, 100% used [0x00000000f0000000,0x00000000fa600000,0x00000000fa600000)
  from space 45568K, 60% used [0x00000000fa600000,0x00000000fc1054b8,0x00000000fd280000)
  to   space 44544K, 0% used [0x00000000fd480000,0x00000000fd480000,0x0000000100000000)
 ParOldGen       total 524288K, used 145901K [0x00000000d0000000, 0x00000000f0000000, 0x00000000f0000000)
  object space 524288K, 27% used [0x00000000d0000000,0x00000000d8e7b408,0x00000000f0000000)
 Metaspace       used 87353K, capacity 92592K, committed 92672K, reserved 1128448K
  class space    used 10768K, capacity 12755K, committed 12800K, reserved 1048576K
Event: 2159.829 GC heap after
Heap after GC invocations=53 (full 3):
 PSYoungGen      total 219648K, used 25058K [0x00000000f0000000, 0x0000000100000000, 0x0000000100000000)
  eden space 175104K, 0% used [0x00000000f0000000,0x00000000f0000000,0x00000000fab00000)
  from space 44544K, 56% used [0x00000000fd480000,0x00000000fecf8898,0x0000000100000000)
  to   space 42496K, 0% used [0x00000000fab00000,0x00000000fab00000,0x00000000fd480000)
 ParOldGen       total 524288K, used 146500K [0x00000000d0000000, 0x00000000f0000000, 0x00000000f0000000)
  object space 524288K, 27% used [0x00000000d0000000,0x00000000d8f11358,0x00000000f0000000)
 Metaspace       used 87353K, capacity 92592K, committed 92672K, reserved 1128448K
  class space    used 10768K, capacity 12755K, committed 12800K, reserved 1048576K
}
Event: 3155.319 GC heap before
{Heap before GC invocations=54 (full 3):
 PSYoungGen      total 219648K, used 200162K [0x00000000f0000000, 0x0000000100000000, 0x0000000100000000)
  eden space 175104K, 100% used [0x00000000f0000000,0x00000000fab00000,0x00000000fab00000)
  from space 44544K, 56% used [0x00000000fd480000,0x00000000fecf8898,0x0000000100000000)
  to   space 42496K, 0% used [0x00000000fab00000,0x00000000fab00000,0x00000000fd480000)
 ParOldGen       total 524288K, used 146500K [0x00000000d0000000, 0x00000000f0000000, 0x00000000f0000000)
  object space 524288K, 27% used [0x00000000d0000000,0x00000000d8f11358,0x00000000f0000000)
 Metaspace       used 87456K, capacity 92754K, committed 92928K, reserved 1130496K
  class space    used 10784K, capacity 12782K, committed 12800K, reserved 1048576K
Event: 3155.346 GC heap after
Heap after GC invocations=54 (full 3):
 PSYoungGen      total 217600K, used 25256K [0x00000000f0000000, 0x0000000100000000, 0x0000000100000000)
  eden space 175104K, 0% used [0x00000000f0000000,0x00000000f0000000,0x00000000fab00000)
  from space 42496K, 59% used [0x00000000fab00000,0x00000000fc3aa118,0x00000000fd480000)
  to   space 40960K, 0% used [0x00000000fd800000,0x00000000fd800000,0x0000000100000000)
 ParOldGen       total 524288K, used 146676K [0x00000000d0000000, 0x00000000f0000000, 0x00000000f0000000)
  object space 524288K, 27% used [0x00000000d0000000,0x00000000d8f3d358,0x00000000f0000000)
 Metaspace       used 87456K, capacity 92754K, committed 92928K, reserved 1130496K
  class space    used 10784K, capacity 12782K, committed 12800K, reserved 1048576K
}
Event: 4431.269 GC heap before
{Heap before GC invocations=55 (full 3):
 PSYoungGen      total 217600K, used 200360K [0x00000000f0000000, 0x0000000100000000, 0x0000000100000000)
  eden space 175104K, 100% used [0x00000000f0000000,0x00000000fab00000,0x00000000fab00000)
  from space 42496K, 59% used [0x00000000fab00000,0x00000000fc3aa118,0x00000000fd480000)
  to   space 40960K, 0% used [0x00000000fd800000,0x00000000fd800000,0x0000000100000000)
 ParOldGen       total 524288K, used 146676K [0x00000000d0000000, 0x00000000f0000000, 0x00000000f0000000)
  object space 524288K, 27% used [0x00000000d0000000,0x00000000d8f3d358,0x00000000f0000000)
 Metaspace       used 87524K, capacity 92866K, committed 92928K, reserved 1130496K
  class space    used 10789K, capacity 12791K, committed 12800K, reserved 1048576K
Event: 4431.278 GC heap after
Heap after GC invocations=55 (full 3):
 PSYoungGen      total 222208K, used 20994K [0x00000000f0000000, 0x0000000100000000, 0x0000000100000000)
  eden space 181248K, 0% used [0x00000000f0000000,0x00000000f0000000,0x00000000fb100000)
  from space 40960K, 51% used [0x00000000fd800000,0x00000000fec80b08,0x0000000100000000)
  to   space 39936K, 0% used [0x00000000fb100000,0x00000000fb100000,0x00000000fd800000)
 ParOldGen       total 524288K, used 149604K [0x00000000d0000000, 0x00000000f0000000, 0x00000000f0000000)
  object space 524288K, 28% used [0x00000000d0000000,0x00000000d92192f8,0x00000000f0000000)
 Metaspace       used 87524K, capacity 92866K, committed 92928K, reserved 1130496K
  class space    used 10789K, capacity 12791K, committed 12800K, reserved 1048576K
}
Event: 4868.766 GC heap before
{Heap before GC invocations=56 (full 3):
 PSYoungGen      total 222208K, used 202242K [0x00000000f0000000, 0x0000000100000000, 0x0000000100000000)
  eden space 181248K, 99% used [0x00000000f0000000,0x00000000fb0fff68,0x00000000fb100000)
  from space 40960K, 51% used [0x00000000fd800000,0x00000000fec80b08,0x0000000100000000)
  to   space 39936K, 0% used [0x00000000fb100000,0x00000000fb100000,0x00000000fd800000)
 ParOldGen       total 524288K, used 149604K [0x00000000d0000000, 0x00000000f0000000, 0x00000000f0000000)
  object space 524288K, 28% used [0x00000000d0000000,0x00000000d92192f8,0x00000000f0000000)
 Metaspace       used 87820K, capacity 93172K, committed 93312K, reserved 1130496K
  class space    used 10832K, capacity 12870K, committed 12928K, reserved 1048576K
Event: 4868.773 GC heap after
Heap after GC invocations=56 (full 3):
 PSYoungGen      total 221184K, used 21585K [0x00000000f0000000, 0x0000000100000000, 0x0000000100000000)
  eden space 181248K, 0% used [0x00000000f0000000,0x00000000f0000000,0x00000000fb100000)
  from space 39936K, 54% used [0x00000000fb100000,0x00000000fc614538,0x00000000fd800000)
  to   space 39424K, 0% used [0x00000000fd980000,0x00000000fd980000,0x0000000100000000)
 ParOldGen       total 524288K, used 150004K [0x00000000d0000000, 0x00000000f0000000, 0x00000000f0000000)
  object space 524288K, 28% used [0x00000000d0000000,0x00000000d927d2f8,0x00000000f0000000)
 Metaspace       used 87820K, capacity 93172K, committed 93312K, reserved 1130496K
  class space    used 10832K, capacity 12870K, committed 12928K, reserved 1048576K
}
Event: 5142.236 GC heap before
{Heap before GC invocations=57 (full 3):
 PSYoungGen      total 221184K, used 202833K [0x00000000f0000000, 0x0000000100000000, 0x0000000100000000)
  eden space 181248K, 100% used [0x00000000f0000000,0x00000000fb100000,0x00000000fb100000)
  from space 39936K, 54% used [0x00000000fb100000,0x00000000fc614538,0x00000000fd800000)
  to   space 39424K, 0% used [0x00000000fd980000,0x00000000fd980000,0x0000000100000000)
 ParOldGen       total 524288K, used 150004K [0x00000000d0000000, 0x00000000f0000000, 0x00000000f0000000)
  object space 524288K, 28% used [0x00000000d0000000,0x00000000d927d2f8,0x00000000f0000000)
 Metaspace       used 88902K, capacity 94342K, committed 94464K, reserved 1130496K
  class space    used 10971K, capacity 13021K, committed 13056K, reserved 1048576K
Event: 5142.248 GC heap after
Heap after GC invocations=57 (full 3):
 PSYoungGen      total 224256K, used 22510K [0x00000000f0000000, 0x0000000100000000, 0x0000000100000000)
  eden space 184832K, 0% used [0x00000000f0000000,0x00000000f0000000,0x00000000fb480000)
  from space 39424K, 57% used [0x00000000fd980000,0x00000000fef7ba70,0x0000000100000000)
  to   space 37888K, 0% used [0x00000000fb480000,0x00000000fb480000,0x00000000fd980000)
 ParOldGen       total 524288K, used 151864K [0x00000000d0000000, 0x00000000f0000000, 0x00000000f0000000)
  object space 524288K, 28% used [0x00000000d0000000,0x00000000d944e348,0x00000000f0000000)
 Metaspace       used 88902K, capacity 94342K, committed 94464K, reserved 1130496K
  class space    used 10971K, capacity 13021K, committed 13056K, reserved 1048576K
}

