# JRE version: OpenJDK Runtime Environment (8.0_232-b09) (build 1.8.0_232-8u232-b09-0ubuntu1~18.04.1-b09)
# Java VM: OpenJDK 64-Bit Server VM (25.232-b09 mixed mode linux-amd64 compressed oops)
Heap:
 PSYoungGen      total 188416K, used 111479K [0x00000000f0000000, 0x0000000100000000, 0x0000000100000000)
  eden space 116736K, 78% used [0x00000000f0000000,0x00000000f5928068,0x00000000f7200000)
  from space 71680K, 28% used [0x00000000f7200000,0x00000000f85b5ca0,0x00000000fb800000)
  to   space 68608K, 0% used [0x00000000fbd00000,0x00000000fbd00000,0x0000000100000000)
 ParOldGen       total 524288K, used 152499K [0x00000000d0000000, 0x00000000f0000000, 0x00000000f0000000)
  object space 524288K, 29% used [0x00000000d0000000,0x00000000d94ecd10,0x00000000f0000000)
 Metaspace       used 83783K, capacity 88286K, committed 88448K, reserved 1126400K
  class space    used 10197K, capacity 11869K, committed 11904K, reserved 1048576K
GC Heap History (10 events):
Event: 76.205 GC heap before
{Heap before GC invocations=48 (full 3):
 PSYoungGen      total 185856K, used 123136K [0x00000000f0000000, 0x0000000100000000, 0x0000000100000000)
  eden space 110592K, 100% used [0x00000000f0000000,0x00000000f6c00000,0x00000000f6c00000)
  from space 75264K, 16% used [0x00000000fb680000,0x00000000fc2c0180,0x0000000100000000)
  to   space 75776K, 0% used [0x00000000f6c00000,0x00000000f6c00000,0x00000000fb600000)
 ParOldGen       total 524288K, used 144898K [0x00000000d0000000, 0x00000000f0000000, 0x00000000f0000000)
  object space 524288K, 27% used [0x00000000d0000000,0x00000000d8d809a8,0x00000000f0000000)
 Metaspace       used 80824K, capacity 84142K, committed 84352K, reserved 1122304K
  class space    used 9744K, capacity 11046K, committed 11136K, reserved 1048576K
Event: 76.212 GC heap after
Heap after GC invocations=48 (full 3):
 PSYoungGen      total 121344K, used 10736K [0x00000000f0000000, 0x0000000100000000, 0x0000000100000000)
  eden space 110592K, 0% used [0x00000000f0000000,0x00000000f0000000,0x00000000f6c00000)
  from space 10752K, 99% used [0x00000000f6c00000,0x00000000f767c170,0x00000000f7680000)
  to   space 76288K, 0% used [0x00000000fb580000,0x00000000fb580000,0x0000000100000000)
 ParOldGen       total 524288K, used 149013K [0x00000000d0000000, 0x00000000f0000000, 0x00000000f0000000)
  object space 524288K, 28% used [0x00000000d0000000,0x00000000d91855d8,0x00000000f0000000)
 Metaspace       used 80824K, capacity 84142K, committed 84352K, reserved 1122304K
  class space    used 9744K, capacity 11046K, committed 11136K, reserved 1048576K
}
Event: 82.567 GC heap before
{Heap before GC invocations=49 (full 3):
 PSYoungGen      total 121344K, used 121328K [0x00000000f0000000, 0x0000000100000000, 0x0000000100000000)
  eden space 110592K, 100% used [0x00000000f0000000,0x00000000f6c00000,0x00000000f6c00000)
  from space 10752K, 99% used [0x00000000f6c00000,0x00000000f767c170,0x00000000f7680000)
  to   space 76288K, 0% used [0x00000000fb580000,0x00000000fb580000,0x0000000100000000)
 ParOldGen       total 524288K, used 149013K [0x00000000d0000000, 0x00000000f0000000, 0x00000000f0000000)
  object space 524288K, 28% used [0x00000000d0000000,0x00000000d91855d8,0x00000000f0000000)
 Metaspace       used 81335K, capacity 84904K, committed 85120K, reserved 1122304K
  class space    used 9865K, capacity 11274K, committed 11392K, reserved 1048576K
Event: 82.572 GC heap after
Heap after GC invocations=49 (full 3):
 PSYoungGen      total 186880K, used 12688K [0x00000000f0000000, 0x0000000100000000, 0x0000000100000000)
  eden space 110592K, 0% used [0x00000000f0000000,0x00000000f0000000,0x00000000f6c00000)
  from space 76288K, 16% used [0x00000000fb580000,0x00000000fc1e4130,0x0000000100000000)
  to   space 75264K, 0% used [0x00000000f6c00000,0x00000000f6c00000,0x00000000fb580000)
 ParOldGen       total 524288K, used 151491K [0x00000000d0000000, 0x00000000f0000000, 0x00000000f0000000)
  object space 524288K, 28% used [0x00000000d0000000,0x00000000d93f0dc0,0x00000000f0000000)
 Metaspace       used 81335K, capacity 84904K, committed 85120K, reserved 1122304K
  class space    used 9865K, capacity 11274K, committed 11392K, reserved 1048576K
}
Event: 92.897 GC heap before
{Heap before GC invocations=50 (full 3):
 PSYoungGen      total 186880K, used 123280K [0x00000000f0000000, 0x0000000100000000, 0x0000000100000000)
  eden space 110592K, 100% used [0x00000000f0000000,0x00000000f6c00000,0x00000000f6c00000)
  from space 76288K, 16% used [0x00000000fb580000,0x00000000fc1e4130,0x0000000100000000)
  to   space 75264K, 0% used [0x00000000f6c00000,0x00000000f6c00000,0x00000000fb580000)
 ParOldGen       total 524288K, used 151491K [0x00000000d0000000, 0x00000000f0000000, 0x00000000f0000000)
  object space 524288K, 28% used [0x00000000d0000000,0x00000000d93f0dc0,0x00000000f0000000)
 Metaspace       used 81855K, capacity 85888K, committed 86144K, reserved 1124352K
  class space    used 9975K, capacity 11524K, committed 11648K, reserved 1048576K
Event: 92.902 GC heap after
Heap after GC invocations=50 (full 3):
 PSYoungGen      total 185856K, used 13736K [0x00000000f0000000, 0x0000000100000000, 0x0000000100000000)
  eden space 110592K, 0% used [0x00000000f0000000,0x00000000f0000000,0x00000000f6c00000)
  from space 75264K, 18% used [0x00000000f6c00000,0x00000000f796a158,0x00000000fb580000)
  to   space 73728K, 0% used [0x00000000fb800000,0x00000000fb800000,0x0000000100000000)
 ParOldGen       total 524288K, used 152483K [0x00000000d0000000, 0x00000000f0000000, 0x00000000f0000000)
  object space 524288K, 29% used [0x00000000d0000000,0x00000000d94e8d10,0x00000000f0000000)
 Metaspace       used 81855K, capacity 85888K, committed 86144K, reserved 1124352K
  class space    used 9975K, capacity 11524K, committed 11648K, reserved 1048576K
}
Event: 127.671 GC heap before
{Heap before GC invocations=51 (full 3):
 PSYoungGen      total 185856K, used 124328K [0x00000000f0000000, 0x0000000100000000, 0x0000000100000000)
  eden space 110592K, 100% used [0x00000000f0000000,0x00000000f6c00000,0x00000000f6c00000)
  from space 75264K, 18% used [0x00000000f6c00000,0x00000000f796a158,0x00000000fb580000)
  to   space 73728K, 0% used [0x00000000fb800000,0x00000000fb800000,0x0000000100000000)
 ParOldGen       total 524288K, used 152483K [0x00000000d0000000, 0x00000000f0000000, 0x00000000f0000000)
  object space 524288K, 29% used [0x00000000d0000000,0x00000000d94e8d10,0x00000000f0000000)
 Metaspace       used 82384K, capacity 86738K, committed 86784K, reserved 1124352K
  class space    used 10061K, capacity 11738K, committed 11776K, reserved 1048576K
Event: 127.678 GC heap after
Heap after GC invocations=51 (full 3):
 PSYoungGen      total 190464K, used 15456K [0x00000000f0000000, 0x0000000100000000, 0x0000000100000000)
  eden space 116736K, 0% used [0x00000000f0000000,0x00000000f0000000,0x00000000f7200000)
  from space 73728K, 20% used [0x00000000fb800000,0x00000000fc718150,0x0000000100000000)
  to   space 71680K, 0% used [0x00000000f7200000,0x00000000f7200000,0x00000000fb800000)
 ParOldGen       total 524288K, used 152491K [0x00000000d0000000, 0x00000000f0000000, 0x00000000f0000000)
  object space 524288K, 29% used [0x00000000d0000000,0x00000000d94ead10,0x00000000f0000000)
 Metaspace       used 82384K, capacity 86738K, committed 86784K, reserved 1124352K
  class space    used 10061K, capacity 11738K, committed 11776K, reserved 1048576K
}
Event: 345.901 GC heap before
{Heap before GC invocations=52 (full 3):
 PSYoungGen      total 190464K, used 132192K [0x00000000f0000000, 0x0000000100000000, 0x0000000100000000)
  eden space 116736K, 100% used [0x00000000f0000000,0x00000000f7200000,0x00000000f7200000)
  from space 73728K, 20% used [0x00000000fb800000,0x00000000fc718150,0x0000000100000000)
  to   space 71680K, 0% used [0x00000000f7200000,0x00000000f7200000,0x00000000fb800000)
 ParOldGen       total 524288K, used 152491K [0x00000000d0000000, 0x00000000f0000000, 0x00000000f0000000)
  object space 524288K, 29% used [0x00000000d0000000,0x00000000d94ead10,0x00000000f0000000)
 Metaspace       used 82996K, capacity 87342K, committed 87680K, reserved 1124352K
  class space    used 10136K, capacity 11810K, committed 11904K, reserved 1048576K
Event: 345.907 GC heap after
Heap after GC invocations=52 (full 3):
 PSYoungGen      total 188416K, used 20183K [0x00000000f0000000, 0x0000000100000000, 0x0000000100000000)
  eden space 116736K, 0% used [0x00000000f0000000,0x00000000f0000000,0x00000000f7200000)
  from space 71680K, 28% used [0x00000000f7200000,0x00000000f85b5ca0,0x00000000fb800000)
  to   space 68608K, 0% used [0x00000000fbd00000,0x00000000fbd00000,0x0000000100000000)
 ParOldGen       total 524288K, used 152499K [0x00000000d0000000, 0x00000000f0000000, 0x00000000f0000000)
  object space 524288K, 29% used [0x00000000d0000000,0x00000000d94ecd10,0x00000000f0000000)
 Metaspace       used 82996K, capacity 87342K, committed 87680K, reserved 1124352K
  class space    used 10136K, capacity 11810K, committed 11904K, reserved 1048576K
}

